<?xml version="1.0" encoding="UTF-8"?>
<!-- Generated by org.testng.reporters.JUnitXMLReporter -->
<testsuite ignored="0" hostname="Sayan" failures="0" tests="4" name="Test" time="5.331" errors="0" timestamp="2023-06-10T12:54:07 IST">
  <testcase classname="com.test.GetRequest" name="get" time="4.036"/>
  <testcase classname="com.test.PostRequest" name="post" time="0.73"/>
  <testcase classname="com.test.Serialization" name="pojoToJson" time="0.228"/>
  <testcase classname="com.test.Deserialization" name="JsonToPojo" time="0.036"/>
</testsuite> <!-- Test -->
